C:\Program Files (x86)\MSBuild\Microsoft.Cpp\v4.0\V140\Microsoft.CppBuild.targets(392,5): warning MSB8028: The intermediate directory (Debug\) contains files shared from another project (Assignment1.vcxproj, Project2.vcxproj).  This can lead to incorrect clean and rebuild behavior.
cl : Command line warning D9035: option 'V' has been deprecated and will be removed in a future release
  Source.cpp
c:\users\benth\desktop\eulerangles& quaternions - copy (2)\project2\teapot.h(2996): warning C4838: conversion from 'double' to 'float' requires a narrowing conversion
c:\users\benth\desktop\eulerangles& quaternions - copy (2)\project2\teapot.h(2996): warning C4305: 'initializing': truncation from 'double' to 'float'
c:\users\benth\desktop\eulerangles& quaternions - copy (2)\project2\teapot.h(5975): warning C4838: conversion from 'double' to 'float' requires a narrowing conversion
c:\users\benth\desktop\eulerangles& quaternions - copy (2)\project2\teapot.h(5975): warning C4305: 'initializing': truncation from 'double' to 'float'
c:\users\benth\desktop\eulerangles& quaternions - copy (2)\project2\teapot.h(8954): warning C4838: conversion from 'double' to 'float' requires a narrowing conversion
c:\users\benth\desktop\eulerangles& quaternions - copy (2)\project2\teapot.h(8954): warning C4305: 'initializing': truncation from 'double' to 'float'
c:\users\benth\desktop\eulerangles& quaternions - copy (2)\project2\mesh.h(87): warning C4244: 'argument': conversion from 'time_t' to 'unsigned int', possible loss of data
c:\users\benth\desktop\eulerangles& quaternions - copy (2)\project2\particle_generator.h(157): warning C4018: '<': signed/unsigned mismatch
c:\users\benth\desktop\eulerangles& quaternions - copy (2)\project2\particle_generator.h(184): warning C4244: '+=': conversion from 'double' to 'float', possible loss of data
c:\users\benth\desktop\eulerangles& quaternions - copy (2)\project2\rigidbody_generator.h(103): warning C4018: '<': signed/unsigned mismatch
c:\users\benth\desktop\eulerangles& quaternions - copy (2)\project2\rigidbody_generator.h(105): warning C4018: '<': signed/unsigned mismatch
c:\users\benth\desktop\eulerangles& quaternions - copy (2)\project2\rigidbody_generator.h(159): warning C4018: '<': signed/unsigned mismatch
c:\users\benth\desktop\eulerangles& quaternions - copy (2)\project2\rigidbody_generator.h(161): warning C4018: '<': signed/unsigned mismatch
c:\users\benth\desktop\eulerangles& quaternions - copy (2)\project2\hmodel.h(49): warning C4018: '<': signed/unsigned mismatch
c:\users\benth\desktop\eulerangles& quaternions - copy (2)\project2\hmodel.h(135): warning C4018: '<': signed/unsigned mismatch
c:\users\benth\desktop\eulerangles& quaternions - copy (2)\project2\hmodel.h(364): warning C4018: '<': signed/unsigned mismatch
c:\users\benth\desktop\eulerangles& quaternions - copy (2)\project2\source.cpp(279): warning C4244: 'initializing': conversion from 'double' to 'GLfloat', possible loss of data
c:\users\benth\desktop\eulerangles& quaternions - copy (2)\project2\source.cpp(629): warning C4244: '=': conversion from 'double' to 'GLfloat', possible loss of data
c:\users\benth\desktop\eulerangles& quaternions - copy (2)\project2\source.cpp(630): warning C4244: '=': conversion from 'double' to 'GLfloat', possible loss of data
c:\users\benth\desktop\eulerangles& quaternions - copy (2)\project2\source.cpp(634): warning C4244: 'initializing': conversion from 'double' to 'GLfloat', possible loss of data
c:\users\benth\desktop\eulerangles& quaternions - copy (2)\project2\source.cpp(635): warning C4244: 'initializing': conversion from 'double' to 'GLfloat', possible loss of data
c:\users\benth\desktop\eulerangles& quaternions - copy (2)\project2\source.cpp(637): warning C4244: '=': conversion from 'double' to 'GLfloat', possible loss of data
c:\users\benth\desktop\eulerangles& quaternions - copy (2)\project2\source.cpp(638): warning C4244: '=': conversion from 'double' to 'GLfloat', possible loss of data
c:\users\benth\desktop\eulerangles& quaternions - copy (2)\project2\source.cpp(645): warning C4244: 'argument': conversion from 'double' to 'GLfloat', possible loss of data
  Project2.vcxproj -> C:\Users\BenTh\Desktop\eulerAngles& quaternions - Copy (2)\Debug\Assignment2.exe
  Project2.vcxproj -> C:\Users\BenTh\Desktop\eulerAngles& quaternions - Copy (2)\Debug\Assignment2.pdb (Full PDB)
